INFO: ====== load info and config =======
INFO: Input feature: clip-vit-large-patch14-UTT ===> dim is (1, 768)
INFO: Input feature: chinese-hubert-large-UTT ===> dim is (1, 1024)
INFO: save config: ./saved/seed1_MER24_AV/AV_Base_v2/2025-04-15-14-15-57/args.yaml 

INFO: ====== load dataset =======
INFO: n_train:4024
INFO: n_valid:1006
INFO: ====== build model =======
INFO: load model: AV_Base_v2 

INFO: ====== Training and Evaluation =======
INFO: epoch: 1, lr:0.00010000
INFO: 	TRAIN: loss:1.7329
INFO: 	VALID: loss:1.6260, acc:0.3887, f-score:0.3088
INFO: 	*** Update best info ! ***
INFO: epoch: 2, lr:0.00009994
INFO: 	TRAIN: loss:1.4948
INFO: 	VALID: loss:1.3214, acc:0.5646, f-score:0.5473
INFO: 	*** Update best info ! ***
INFO: epoch: 3, lr:0.00009975
INFO: 	TRAIN: loss:1.1890
INFO: 	VALID: loss:1.0204, acc:0.6382, f-score:0.6157
INFO: 	*** Update best info ! ***
INFO: epoch: 4, lr:0.00009945
INFO: 	TRAIN: loss:1.0244
INFO: 	VALID: loss:1.0224, acc:0.6392, f-score:0.6235
INFO: epoch: 5, lr:0.00009902
INFO: 	TRAIN: loss:0.9194
INFO: 	VALID: loss:0.9016, acc:0.6680, f-score:0.6625
INFO: 	*** Update best info ! ***
INFO: epoch: 6, lr:0.00009847
INFO: 	TRAIN: loss:0.8434
INFO: 	VALID: loss:0.8361, acc:0.6988, f-score:0.6847
INFO: 	*** Update best info ! ***
INFO: epoch: 7, lr:0.00009780
INFO: 	TRAIN: loss:0.7731
INFO: 	VALID: loss:0.7861, acc:0.7217, f-score:0.7167
INFO: 	*** Update best info ! ***
INFO: epoch: 8, lr:0.00009701
INFO: 	TRAIN: loss:0.7086
INFO: 	VALID: loss:0.7466, acc:0.7157, f-score:0.7027
INFO: 	*** Update best info ! ***
INFO: epoch: 9, lr:0.00009611
INFO: 	TRAIN: loss:0.6556
INFO: 	VALID: loss:0.6894, acc:0.7465, f-score:0.7461
INFO: 	*** Update best info ! ***
INFO: epoch: 10, lr:0.00009510
INFO: 	TRAIN: loss:0.6200
INFO: 	VALID: loss:0.6825, acc:0.7604, f-score:0.7548
INFO: 	*** Update best info ! ***
INFO: epoch: 11, lr:0.00009397
INFO: 	TRAIN: loss:0.6016
INFO: 	VALID: loss:0.6691, acc:0.7545, f-score:0.7538
INFO: 	*** Update best info ! ***
INFO: epoch: 12, lr:0.00009274
INFO: 	TRAIN: loss:0.5823
INFO: 	VALID: loss:0.6524, acc:0.7664, f-score:0.7666
INFO: 	*** Update best info ! ***
INFO: epoch: 13, lr:0.00009141
INFO: 	TRAIN: loss:0.5671
INFO: 	VALID: loss:0.6638, acc:0.7555, f-score:0.7507
INFO: epoch: 14, lr:0.00008997
INFO: 	TRAIN: loss:0.5507
INFO: 	VALID: loss:0.6526, acc:0.7674, f-score:0.7699
INFO: epoch: 15, lr:0.00008844
INFO: 	TRAIN: loss:0.5291
INFO: 	VALID: loss:0.6270, acc:0.7684, f-score:0.7613
INFO: 	*** Update best info ! ***
INFO: epoch: 16, lr:0.00008682
INFO: 	TRAIN: loss:0.5047
INFO: 	VALID: loss:0.6503, acc:0.7664, f-score:0.7692
INFO: epoch: 17, lr:0.00008511
INFO: 	TRAIN: loss:0.5131
INFO: 	VALID: loss:0.6353, acc:0.7624, f-score:0.7637
INFO: epoch: 18, lr:0.00008332
INFO: 	TRAIN: loss:0.5147
INFO: 	VALID: loss:0.6379, acc:0.7545, f-score:0.7524
INFO: epoch: 19, lr:0.00008145
INFO: 	TRAIN: loss:0.4956
INFO: 	VALID: loss:0.6512, acc:0.7584, f-score:0.7579
INFO: epoch: 20, lr:0.00007951
INFO: 	TRAIN: loss:0.4766
INFO: 	VALID: loss:0.6361, acc:0.7664, f-score:0.7660
INFO: epoch: 21, lr:0.00007750
INFO: 	TRAIN: loss:0.4653
INFO: 	VALID: loss:0.6242, acc:0.7744, f-score:0.7744
INFO: 	*** Update best info ! ***
INFO: epoch: 22, lr:0.00007543
INFO: 	TRAIN: loss:0.4471
INFO: 	VALID: loss:0.6512, acc:0.7624, f-score:0.7658
INFO: epoch: 23, lr:0.00007330
INFO: 	TRAIN: loss:0.4558
INFO: 	VALID: loss:0.6312, acc:0.7694, f-score:0.7674
INFO: epoch: 24, lr:0.00007113
INFO: 	TRAIN: loss:0.4354
INFO: 	VALID: loss:0.6241, acc:0.7773, f-score:0.7774
INFO: 	*** Update best info ! ***
INFO: epoch: 25, lr:0.00006891
INFO: 	TRAIN: loss:0.4234
INFO: 	VALID: loss:0.6245, acc:0.7694, f-score:0.7702
INFO: epoch: 26, lr:0.00006665
INFO: 	TRAIN: loss:0.4193
INFO: 	VALID: loss:0.6420, acc:0.7724, f-score:0.7693
INFO: epoch: 27, lr:0.00006436
INFO: 	TRAIN: loss:0.4152
INFO: 	VALID: loss:0.6313, acc:0.7624, f-score:0.7638
INFO: epoch: 28, lr:0.00006204
INFO: 	TRAIN: loss:0.4037
INFO: 	VALID: loss:0.6363, acc:0.7694, f-score:0.7696
INFO: epoch: 29, lr:0.00005970
INFO: 	TRAIN: loss:0.4049
INFO: 	VALID: loss:0.6665, acc:0.7624, f-score:0.7628
INFO: epoch: 30, lr:0.00005736
INFO: 	TRAIN: loss:0.4060
INFO: 	VALID: loss:0.6205, acc:0.7744, f-score:0.7759
INFO: 	*** Update best info ! ***
INFO: epoch: 31, lr:0.00005500
INFO: 	TRAIN: loss:0.3909
INFO: 	VALID: loss:0.6450, acc:0.7654, f-score:0.7658
INFO: epoch: 32, lr:0.00005264
INFO: 	TRAIN: loss:0.3824
INFO: 	VALID: loss:0.6373, acc:0.7664, f-score:0.7655
INFO: epoch: 33, lr:0.00005030
INFO: 	TRAIN: loss:0.3782
INFO: 	VALID: loss:0.6412, acc:0.7724, f-score:0.7744
INFO: epoch: 34, lr:0.00004796
INFO: 	TRAIN: loss:0.3698
INFO: 	VALID: loss:0.6626, acc:0.7674, f-score:0.7697
INFO: epoch: 35, lr:0.00004564
INFO: 	TRAIN: loss:0.3675
INFO: 	VALID: loss:0.6602, acc:0.7674, f-score:0.7699
INFO: epoch: 36, lr:0.00004335
INFO: 	TRAIN: loss:0.3499
INFO: 	VALID: loss:0.6459, acc:0.7684, f-score:0.7691
INFO: epoch: 37, lr:0.00004109
INFO: 	TRAIN: loss:0.3417
INFO: 	VALID: loss:0.6595, acc:0.7634, f-score:0.7626
INFO: epoch: 38, lr:0.00003887
INFO: 	TRAIN: loss:0.3553
INFO: 	VALID: loss:0.6591, acc:0.7694, f-score:0.7692
INFO: epoch: 39, lr:0.00003670
INFO: 	TRAIN: loss:0.3483
INFO: 	VALID: loss:0.6526, acc:0.7654, f-score:0.7647
INFO: epoch: 40, lr:0.00003457
INFO: 	TRAIN: loss:0.3398
INFO: 	VALID: loss:0.6647, acc:0.7565, f-score:0.7561
INFO: epoch: 41, lr:0.00003250
INFO: 	TRAIN: loss:0.3375
INFO: 	VALID: loss:0.6826, acc:0.7535, f-score:0.7555
INFO: epoch: 42, lr:0.00003049
INFO: 	TRAIN: loss:0.3249
INFO: 	VALID: loss:0.6724, acc:0.7644, f-score:0.7641
INFO: epoch: 43, lr:0.00002855
INFO: 	TRAIN: loss:0.3216
INFO: 	VALID: loss:0.6728, acc:0.7654, f-score:0.7652
INFO: epoch: 44, lr:0.00002668
INFO: 	TRAIN: loss:0.3140
INFO: 	VALID: loss:0.6692, acc:0.7594, f-score:0.7601
INFO: epoch: 45, lr:0.00002489
INFO: 	TRAIN: loss:0.3148
INFO: 	VALID: loss:0.6731, acc:0.7644, f-score:0.7651
INFO: epoch: 46, lr:0.00002318
INFO: 	TRAIN: loss:0.3126
INFO: 	VALID: loss:0.6764, acc:0.7684, f-score:0.7694
INFO: epoch: 47, lr:0.00002156
INFO: 	TRAIN: loss:0.2970
INFO: 	VALID: loss:0.6896, acc:0.7644, f-score:0.7652
INFO: epoch: 48, lr:0.00002003
INFO: 	TRAIN: loss:0.3139
INFO: 	VALID: loss:0.6834, acc:0.7624, f-score:0.7631
INFO: epoch: 49, lr:0.00001859
INFO: 	TRAIN: loss:0.3060
INFO: 	VALID: loss:0.6727, acc:0.7684, f-score:0.7690
INFO: epoch: 50, lr:0.00001726
INFO: 	TRAIN: loss:0.3088
INFO: 	VALID: loss:0.6855, acc:0.7624, f-score:0.7644
INFO: epoch: 51, lr:0.00001603
INFO: 	TRAIN: loss:0.3003
INFO: 	VALID: loss:0.6808, acc:0.7624, f-score:0.7617
INFO: epoch: 52, lr:0.00001490
INFO: 	TRAIN: loss:0.3088
INFO: 	VALID: loss:0.6956, acc:0.7614, f-score:0.7630
INFO: epoch: 53, lr:0.00001389
INFO: 	TRAIN: loss:0.2890
INFO: 	VALID: loss:0.7017, acc:0.7634, f-score:0.7631
INFO: epoch: 54, lr:0.00001299
INFO: 	TRAIN: loss:0.3019
INFO: 	VALID: loss:0.6874, acc:0.7684, f-score:0.7694
INFO: epoch: 55, lr:0.00001220
INFO: 	TRAIN: loss:0.2947
INFO: 	VALID: loss:0.6895, acc:0.7634, f-score:0.7639
INFO: epoch: 56, lr:0.00001153
INFO: 	TRAIN: loss:0.2982
INFO: 	VALID: loss:0.6973, acc:0.7565, f-score:0.7570
INFO: epoch: 57, lr:0.00001098
INFO: 	TRAIN: loss:0.2887
INFO: 	VALID: loss:0.6876, acc:0.7624, f-score:0.7628
INFO: epoch: 58, lr:0.00001055
INFO: 	TRAIN: loss:0.2875
INFO: 	VALID: loss:0.6919, acc:0.7565, f-score:0.7562
INFO: epoch: 59, lr:0.00001025
INFO: 	TRAIN: loss:0.2802
INFO: 	VALID: loss:0.6976, acc:0.7634, f-score:0.7636
INFO: epoch: 60, lr:0.00001006
INFO: 	TRAIN: loss:0.2933
INFO: 	VALID: loss:0.6999, acc:0.7654, f-score:0.7667
INFO: End Training ! 


INFO: BEST: epoch:30, loss:0.6205, acc:0.7744, f-score:0.7759
