INFO: ====== load info and config =======
INFO: Input feature: clip-vit-large-patch14-UTT ===> dim is (1, 768)
INFO: Input feature: chinese-hubert-large-UTT ===> dim is (1, 1024)
INFO: save config: ./saved/seed1_MER24_AV/AV_Base/2025-04-15-12-07-24/args.yaml 

INFO: ====== load dataset =======
INFO: n_train:4024
INFO: n_valid:1006
INFO: ====== build model =======
INFO: load model: AV_Base 

INFO: ====== Training and Evaluation =======
INFO: epoch: 1, lr:0.00010000
INFO: 	TRAIN: loss:1.7343
INFO: 	VALID: loss:1.5968, acc:0.4215, f-score:0.3667
INFO: 	*** Update best info ! ***
INFO: epoch: 2, lr:0.00009994
INFO: 	TRAIN: loss:1.4865
INFO: 	VALID: loss:1.3077, acc:0.5686, f-score:0.5181
INFO: 	*** Update best info ! ***
INFO: epoch: 3, lr:0.00009975
INFO: 	TRAIN: loss:1.2308
INFO: 	VALID: loss:1.0688, acc:0.6163, f-score:0.5808
INFO: 	*** Update best info ! ***
INFO: epoch: 4, lr:0.00009945
INFO: 	TRAIN: loss:1.0935
INFO: 	VALID: loss:0.9950, acc:0.6879, f-score:0.6689
INFO: 	*** Update best info ! ***
INFO: epoch: 5, lr:0.00009902
INFO: 	TRAIN: loss:0.9669
INFO: 	VALID: loss:0.8803, acc:0.7078, f-score:0.6977
INFO: 	*** Update best info ! ***
INFO: epoch: 6, lr:0.00009847
INFO: 	TRAIN: loss:0.8574
INFO: 	VALID: loss:0.8228, acc:0.7247, f-score:0.7172
INFO: 	*** Update best info ! ***
INFO: epoch: 7, lr:0.00009780
INFO: 	TRAIN: loss:0.7724
INFO: 	VALID: loss:0.7621, acc:0.7346, f-score:0.7241
INFO: 	*** Update best info ! ***
INFO: epoch: 8, lr:0.00009701
INFO: 	TRAIN: loss:0.7111
INFO: 	VALID: loss:0.7344, acc:0.7217, f-score:0.7062
INFO: 	*** Update best info ! ***
INFO: epoch: 9, lr:0.00009611
INFO: 	TRAIN: loss:0.6914
INFO: 	VALID: loss:0.7021, acc:0.7465, f-score:0.7389
INFO: 	*** Update best info ! ***
INFO: epoch: 10, lr:0.00009510
INFO: 	TRAIN: loss:0.6570
INFO: 	VALID: loss:0.6835, acc:0.7505, f-score:0.7458
INFO: 	*** Update best info ! ***
INFO: epoch: 11, lr:0.00009397
INFO: 	TRAIN: loss:0.6346
INFO: 	VALID: loss:0.6704, acc:0.7624, f-score:0.7552
INFO: 	*** Update best info ! ***
INFO: epoch: 12, lr:0.00009274
INFO: 	TRAIN: loss:0.6071
INFO: 	VALID: loss:0.6698, acc:0.7445, f-score:0.7315
INFO: 	*** Update best info ! ***
INFO: epoch: 13, lr:0.00009141
INFO: 	TRAIN: loss:0.6124
INFO: 	VALID: loss:0.6586, acc:0.7565, f-score:0.7472
INFO: 	*** Update best info ! ***
INFO: epoch: 14, lr:0.00008997
INFO: 	TRAIN: loss:0.5774
INFO: 	VALID: loss:0.6678, acc:0.7535, f-score:0.7472
INFO: epoch: 15, lr:0.00008844
INFO: 	TRAIN: loss:0.5859
INFO: 	VALID: loss:0.6777, acc:0.7455, f-score:0.7413
INFO: epoch: 16, lr:0.00008682
INFO: 	TRAIN: loss:0.5969
INFO: 	VALID: loss:0.6498, acc:0.7614, f-score:0.7593
INFO: 	*** Update best info ! ***
INFO: epoch: 17, lr:0.00008511
INFO: 	TRAIN: loss:0.5706
INFO: 	VALID: loss:0.6459, acc:0.7724, f-score:0.7715
INFO: 	*** Update best info ! ***
INFO: epoch: 18, lr:0.00008332
INFO: 	TRAIN: loss:0.5734
INFO: 	VALID: loss:0.6450, acc:0.7644, f-score:0.7620
INFO: 	*** Update best info ! ***
INFO: epoch: 19, lr:0.00008145
INFO: 	TRAIN: loss:0.5393
INFO: 	VALID: loss:0.6306, acc:0.7684, f-score:0.7665
INFO: 	*** Update best info ! ***
INFO: epoch: 20, lr:0.00007951
INFO: 	TRAIN: loss:0.5352
INFO: 	VALID: loss:0.6316, acc:0.7684, f-score:0.7647
INFO: epoch: 21, lr:0.00007750
INFO: 	TRAIN: loss:0.5251
INFO: 	VALID: loss:0.6320, acc:0.7674, f-score:0.7633
INFO: epoch: 22, lr:0.00007543
INFO: 	TRAIN: loss:0.5192
INFO: 	VALID: loss:0.6316, acc:0.7654, f-score:0.7616
INFO: epoch: 23, lr:0.00007330
INFO: 	TRAIN: loss:0.5019
INFO: 	VALID: loss:0.6351, acc:0.7704, f-score:0.7628
INFO: epoch: 24, lr:0.00007113
INFO: 	TRAIN: loss:0.4892
INFO: 	VALID: loss:0.6381, acc:0.7694, f-score:0.7649
INFO: epoch: 25, lr:0.00006891
INFO: 	TRAIN: loss:0.5000
INFO: 	VALID: loss:0.6354, acc:0.7714, f-score:0.7667
INFO: epoch: 26, lr:0.00006665
INFO: 	TRAIN: loss:0.4933
INFO: 	VALID: loss:0.6276, acc:0.7714, f-score:0.7724
INFO: 	*** Update best info ! ***
INFO: epoch: 27, lr:0.00006436
INFO: 	TRAIN: loss:0.4820
INFO: 	VALID: loss:0.6275, acc:0.7734, f-score:0.7724
INFO: 	*** Update best info ! ***
INFO: epoch: 28, lr:0.00006204
INFO: 	TRAIN: loss:0.4753
INFO: 	VALID: loss:0.6352, acc:0.7565, f-score:0.7563
INFO: epoch: 29, lr:0.00005970
INFO: 	TRAIN: loss:0.4702
INFO: 	VALID: loss:0.6223, acc:0.7724, f-score:0.7715
INFO: 	*** Update best info ! ***
INFO: epoch: 30, lr:0.00005736
INFO: 	TRAIN: loss:0.4684
INFO: 	VALID: loss:0.6247, acc:0.7664, f-score:0.7660
INFO: epoch: 31, lr:0.00005500
INFO: 	TRAIN: loss:0.4721
INFO: 	VALID: loss:0.6447, acc:0.7575, f-score:0.7591
INFO: epoch: 32, lr:0.00005264
INFO: 	TRAIN: loss:0.4504
INFO: 	VALID: loss:0.6284, acc:0.7813, f-score:0.7811
INFO: epoch: 33, lr:0.00005030
INFO: 	TRAIN: loss:0.4416
INFO: 	VALID: loss:0.6263, acc:0.7803, f-score:0.7811
INFO: epoch: 34, lr:0.00004796
INFO: 	TRAIN: loss:0.4506
INFO: 	VALID: loss:0.6312, acc:0.7763, f-score:0.7749
INFO: epoch: 35, lr:0.00004564
INFO: 	TRAIN: loss:0.4420
INFO: 	VALID: loss:0.6421, acc:0.7694, f-score:0.7709
INFO: epoch: 36, lr:0.00004335
INFO: 	TRAIN: loss:0.4340
INFO: 	VALID: loss:0.6432, acc:0.7734, f-score:0.7713
INFO: epoch: 37, lr:0.00004109
INFO: 	TRAIN: loss:0.4310
INFO: 	VALID: loss:0.6557, acc:0.7744, f-score:0.7778
INFO: epoch: 38, lr:0.00003887
INFO: 	TRAIN: loss:0.4292
INFO: 	VALID: loss:0.6350, acc:0.7773, f-score:0.7747
INFO: epoch: 39, lr:0.00003670
INFO: 	TRAIN: loss:0.4225
INFO: 	VALID: loss:0.6338, acc:0.7734, f-score:0.7736
INFO: epoch: 40, lr:0.00003457
INFO: 	TRAIN: loss:0.4369
INFO: 	VALID: loss:0.6367, acc:0.7724, f-score:0.7714
INFO: epoch: 41, lr:0.00003250
INFO: 	TRAIN: loss:0.4240
INFO: 	VALID: loss:0.6437, acc:0.7753, f-score:0.7760
INFO: epoch: 42, lr:0.00003049
INFO: 	TRAIN: loss:0.4186
INFO: 	VALID: loss:0.6409, acc:0.7734, f-score:0.7723
INFO: epoch: 43, lr:0.00002855
INFO: 	TRAIN: loss:0.3989
INFO: 	VALID: loss:0.6523, acc:0.7684, f-score:0.7693
INFO: epoch: 44, lr:0.00002668
INFO: 	TRAIN: loss:0.4099
INFO: 	VALID: loss:0.6328, acc:0.7724, f-score:0.7729
INFO: epoch: 45, lr:0.00002489
INFO: 	TRAIN: loss:0.3906
INFO: 	VALID: loss:0.6384, acc:0.7734, f-score:0.7711
INFO: epoch: 46, lr:0.00002318
INFO: 	TRAIN: loss:0.4109
INFO: 	VALID: loss:0.6377, acc:0.7773, f-score:0.7780
INFO: epoch: 47, lr:0.00002156
INFO: 	TRAIN: loss:0.4065
INFO: 	VALID: loss:0.6295, acc:0.7724, f-score:0.7709
INFO: epoch: 48, lr:0.00002003
INFO: 	TRAIN: loss:0.4002
INFO: 	VALID: loss:0.6515, acc:0.7803, f-score:0.7813
INFO: epoch: 49, lr:0.00001859
INFO: 	TRAIN: loss:0.4044
INFO: 	VALID: loss:0.6406, acc:0.7724, f-score:0.7712
INFO: epoch: 50, lr:0.00001726
INFO: 	TRAIN: loss:0.3980
INFO: 	VALID: loss:0.6423, acc:0.7734, f-score:0.7738
INFO: epoch: 51, lr:0.00001603
INFO: 	TRAIN: loss:0.3991
INFO: 	VALID: loss:0.6327, acc:0.7694, f-score:0.7694
INFO: epoch: 52, lr:0.00001490
INFO: 	TRAIN: loss:0.3952
INFO: 	VALID: loss:0.6330, acc:0.7714, f-score:0.7707
INFO: epoch: 53, lr:0.00001389
INFO: 	TRAIN: loss:0.3865
INFO: 	VALID: loss:0.6390, acc:0.7734, f-score:0.7735
INFO: epoch: 54, lr:0.00001299
INFO: 	TRAIN: loss:0.3952
INFO: 	VALID: loss:0.6389, acc:0.7744, f-score:0.7746
INFO: epoch: 55, lr:0.00001220
INFO: 	TRAIN: loss:0.3738
INFO: 	VALID: loss:0.6376, acc:0.7724, f-score:0.7710
INFO: epoch: 56, lr:0.00001153
INFO: 	TRAIN: loss:0.3831
INFO: 	VALID: loss:0.6398, acc:0.7694, f-score:0.7693
INFO: epoch: 57, lr:0.00001098
INFO: 	TRAIN: loss:0.3862
INFO: 	VALID: loss:0.6415, acc:0.7724, f-score:0.7713
INFO: epoch: 58, lr:0.00001055
INFO: 	TRAIN: loss:0.3778
INFO: 	VALID: loss:0.6427, acc:0.7694, f-score:0.7690
INFO: epoch: 59, lr:0.00001025
INFO: 	TRAIN: loss:0.3846
INFO: 	VALID: loss:0.6419, acc:0.7753, f-score:0.7741
INFO: epoch: 60, lr:0.00001006
INFO: 	TRAIN: loss:0.3659
INFO: 	VALID: loss:0.6406, acc:0.7684, f-score:0.7681
INFO: End Training ! 


INFO: BEST: epoch:29, loss:0.6223, acc:0.7724, f-score:0.7715
